0 info it worked if it ends with ok
1 verbose cli [ '/usr/local/bin/node',
1 verbose cli   '/usr/local/bin/npm',
1 verbose cli   'run',
1 verbose cli   'build:elm' ]
2 info using npm@3.9.3
3 info using node@v6.2.1
4 verbose run-script [ 'prebuild:elm', 'build:elm', 'postbuild:elm' ]
5 info lifecycle gmfy@1.1.0~prebuild:elm: gmfy@1.1.0
6 silly lifecycle gmfy@1.1.0~prebuild:elm: no script for prebuild:elm, continuing
7 info lifecycle gmfy@1.1.0~build:elm: gmfy@1.1.0
8 verbose lifecycle gmfy@1.1.0~build:elm: unsafe-perm in lifecycle true
9 verbose lifecycle gmfy@1.1.0~build:elm: PATH: /usr/local/lib/node_modules/npm/bin/node-gyp-bin:/Users/andreasmoller/repos/gmfy/node_modules/.bin:/usr/local/bin:/usr/local/lib/node_modules/npm/bin/node-gyp-bin:/Users/andreasmoller/repos/gmfy/node_modules/.bin:/usr/local/bin:/usr/local/lib/node_modules/npm/bin/node-gyp-bin:/Users/andreasmoller/repos/gmfy/node_modules/.bin:/usr/local/bin:/usr/local/lib/node_modules/npm/bin/node-gyp-bin:/Users/andreasmoller/repos/gmfy/node_modules/.bin:/usr/local/bin:/usr/local/lib/node_modules/npm/bin/node-gyp-bin:/Users/andreasmoller/repos/gmfy/node_modules/.bin:/usr/local/bin:/usr/local/bin:/Users/andreasmoller/.rbenv/shims:/Users/andreasmoller/scripts:/usr/local/bin:/Users/andreasmoller/.gem/ruby/2.0.0/bin:/Users/andreasmoller/google-cloud-sdk/bin:/usr/local/heroku/bin::/Users/andreasmoller/bin::/Users/andreasmoller/ed_root/ed-tool/bin:/Applications/Postgres.app/Contents/Versions/9.3/bin:/usr/bin:/bin:/usr/sbin:/sbin:/usr/local/bin
10 verbose lifecycle gmfy@1.1.0~build:elm: CWD: /Users/andreasmoller/repos/gmfy
11 silly lifecycle gmfy@1.1.0~build:elm: Args: [ '-c', 'elm make src/elm/Main.elm --output public/elm.js' ]
12 silly lifecycle gmfy@1.1.0~build:elm: Returned: code: 1  signal: null
13 info lifecycle gmfy@1.1.0~build:elm: Failed to exec build:elm script
14 verbose stack Error: gmfy@1.1.0 build:elm: `elm make src/elm/Main.elm --output public/elm.js`
14 verbose stack Exit status 1
14 verbose stack     at EventEmitter.<anonymous> (/usr/local/lib/node_modules/npm/lib/utils/lifecycle.js:245:16)
14 verbose stack     at emitTwo (events.js:106:13)
14 verbose stack     at EventEmitter.emit (events.js:191:7)
14 verbose stack     at ChildProcess.<anonymous> (/usr/local/lib/node_modules/npm/lib/utils/spawn.js:24:14)
14 verbose stack     at emitTwo (events.js:106:13)
14 verbose stack     at ChildProcess.emit (events.js:191:7)
14 verbose stack     at maybeClose (internal/child_process.js:852:16)
14 verbose stack     at Process.ChildProcess._handle.onexit (internal/child_process.js:215:5)
15 verbose pkgid gmfy@1.1.0
16 verbose cwd /Users/andreasmoller/repos/gmfy
17 error Darwin 15.2.0
18 error argv "/usr/local/bin/node" "/usr/local/bin/npm" "run" "build:elm"
19 error node v6.2.1
20 error npm  v3.9.3
21 error code ELIFECYCLE
22 error gmfy@1.1.0 build:elm: `elm make src/elm/Main.elm --output public/elm.js`
22 error Exit status 1
23 error Failed at the gmfy@1.1.0 build:elm script 'elm make src/elm/Main.elm --output public/elm.js'.
23 error Make sure you have the latest version of node.js and npm installed.
23 error If you do, this is most likely a problem with the gmfy package,
23 error not with npm itself.
23 error Tell the author that this fails on your system:
23 error     elm make src/elm/Main.elm --output public/elm.js
23 error You can get information on how to open an issue for this project with:
23 error     npm bugs gmfy
23 error Or if that isn't available, you can get their info via:
23 error     npm owner ls gmfy
23 error There is likely additional logging output above.
24 verbose exit [ 1, true ]
